<?xml version="1.0" encoding="UTF-8"?>
<!-- Generated by org.testng.reporters.JUnitXMLReporter -->
<testsuite hostname="PF0Q7VST-BLR" ignored="1" name="testing" tests="3" failures="0" timestamp="17 Mar 2018 13:33:38 GMT" time="0.032" errors="0">
  <testcase name="testCaseFour" time="0.01" classname="in.licious.test.TestNGgroups"/>
  <testcase name="testCaseOne" time="0.001" classname="in.licious.test.TestNGgroups"/>
  <testcase name="testCaseTwo" time="0.002" classname="in.licious.test.TestNGgroups"/>
  <testcase name="testCaseThree" time="0.0" classname="in.licious.test.TestNGgroups">
    <ignored/>
  </testcase> <!-- testCaseThree -->
</testsuite> <!-- testing -->
