<?xml version="1.0" encoding="UTF-8"?>
<!-- Generated by org.testng.reporters.JUnitXMLReporter -->
<testsuite hostname="liciouss-MacBook-Air-2.local" ignored="0" name="Default test" tests="6" failures="0" timestamp="03 Dec 2018 10:37:30 GMT" time="34.42" errors="0">
  <testcase name="schedule_order_HYDRABAD" time="1.789" classname="in.licious.dataplanning_API.DispatchPlan"/>
  <testcase name="createDispatchPlanBangalore" time="9.233" classname="in.licious.dataplanning_API.DispatchPlan"/>
  <testcase name="createDispatchPlanBangalore" time="4.768" classname="in.licious.dataplanning_API.DispatchPlan"/>
  <testcase name="createDispatchPlanBangalore" time="14.279" classname="in.licious.dataplanning_API.DispatchPlan"/>
  <testcase name="createDispatchPlanBangalore" time="4.195" classname="in.licious.dataplanning_API.DispatchPlan"/>
  <testcase name="scheduleOrder" time="0.12" classname="in.licious.dataplanning_API.DispatchPlan"/>
</testsuite> <!-- Default test -->
