<?xml version="1.0" encoding="UTF-8"?>
<!-- Generated by org.testng.reporters.JUnitXMLReporter -->
<testsuite hostname="liciouss-MacBook-Air-2.local" ignored="0" name="Default test" tests="4" failures="0" timestamp="03 Dec 2018 06:01:33 GMT" time="26.455" errors="0">
  <testcase name="createDispatchPlanBangalore" time="9.306" classname="in.licious.dataplanning_API.DispatchPlan"/>
  <testcase name="createDispatchPlanBangalore" time="6.016" classname="in.licious.dataplanning_API.DispatchPlan"/>
  <testcase name="createDispatchPlanBangalore" time="5.394" classname="in.licious.dataplanning_API.DispatchPlan"/>
  <testcase name="createDispatchPlanBangalore" time="5.685" classname="in.licious.dataplanning_API.DispatchPlan"/>
</testsuite> <!-- Default test -->
