<?xml version="1.0" encoding="UTF-8"?>
<!-- Generated by org.testng.reporters.JUnitXMLReporter -->
<testsuite hostname="liciouss-MacBook-Air-2.local" ignored="0" name="Test" tests="7" failures="0" timestamp="21 Nov 2018 10:26:23 GMT" time="30.677" errors="0">
  <testcase name="systemforecastTest_TC04" time="9.402" classname="in.licious.dataplanning_API.systemforecastSlotAPI"/>
  <testcase name="createSystemForecastTest_TC03" time="2.008" classname="in.licious.dataplanning_API.SystemForecastAPI"/>
  <testcase name="createDemandPlanTest_TC01" time="6.758" classname="in.licious.dataplanning_API.DemandPlanAPI"/>
  <testcase name="updateDemandPlanWithBuffersTest_TC02" time="2.352" classname="in.licious.dataplanning_API.CreateDemandPlanWithBuffers"/>
  <testcase name="productionPlanTest_TC06" time="4.963" classname="in.licious.dataplanning_API.CreateProductionPlanAPISample"/>
  <testcase name="generateThawingPlanTest_TC07" time="1.684" classname="in.licious.dataplanning_API.ThawingApi"/>
  <testcase name="generatebriningPlanTest_TC05" time="2.002" classname="in.licious.dataplanning_API.BriningApi"/>
</testsuite> <!-- Test -->
