<?xml version="1.0" encoding="UTF-8"?>
<testng-results skipped="0" failed="0" ignored="0" total="4" passed="4">
  <reporter-output>
  </reporter-output>
  <suite name="Default suite" duration-ms="26455" started-at="2018-12-03T06:01:06Z" finished-at="2018-12-03T06:01:33Z">
    <groups>
    </groups>
    <test name="Default test" duration-ms="26455" started-at="2018-12-03T06:01:06Z" finished-at="2018-12-03T06:01:33Z">
      <class name="in.licious.dataplanning_API.DispatchPlan">
        <test-method status="PASS" signature="createDispatchPlanBangalore(java.lang.String, java.lang.String, java.lang.String, java.lang.String)[pri:0, instance:in.licious.dataplanning_API.DispatchPlan@64bf3bbf]" name="createDispatchPlanBangalore" duration-ms="9306" started-at="2018-12-03T11:31:06Z" data-provider="getData" finished-at="2018-12-03T11:31:16Z">
          <params>
            <param index="0">
              <value>
                <![CDATA[1]]>
              </value>
            </param>
            <param index="1">
              <value>
                <![CDATA[4]]>
              </value>
            </param>
            <param index="2">
              <value>
                <![CDATA[10]]>
              </value>
            </param>
            <param index="3">
              <value>
                <![CDATA[B_C2]]>
              </value>
            </param>
          </params>
          <reporter-output>
          </reporter-output>
        </test-method> <!-- createDispatchPlanBangalore -->
        <test-method status="PASS" signature="createDispatchPlanBangalore(java.lang.String, java.lang.String, java.lang.String, java.lang.String)[pri:0, instance:in.licious.dataplanning_API.DispatchPlan@64bf3bbf]" name="createDispatchPlanBangalore" duration-ms="6016" started-at="2018-12-03T11:31:16Z" data-provider="getData" finished-at="2018-12-03T11:31:22Z">
          <params>
            <param index="0">
              <value>
                <![CDATA[3]]>
              </value>
            </param>
            <param index="1">
              <value>
                <![CDATA[5]]>
              </value>
            </param>
            <param index="2">
              <value>
                <![CDATA[15]]>
              </value>
            </param>
            <param index="3">
              <value>
                <![CDATA[B_C4]]>
              </value>
            </param>
          </params>
          <reporter-output>
          </reporter-output>
        </test-method> <!-- createDispatchPlanBangalore -->
        <test-method status="PASS" signature="createDispatchPlanBangalore(java.lang.String, java.lang.String, java.lang.String, java.lang.String)[pri:0, instance:in.licious.dataplanning_API.DispatchPlan@64bf3bbf]" name="createDispatchPlanBangalore" duration-ms="5394" started-at="2018-12-03T11:31:22Z" data-provider="getData" finished-at="2018-12-03T11:31:27Z">
          <params>
            <param index="0">
              <value>
                <![CDATA[2]]>
              </value>
            </param>
            <param index="1">
              <value>
                <![CDATA[7]]>
              </value>
            </param>
            <param index="2">
              <value>
                <![CDATA[12]]>
              </value>
            </param>
            <param index="3">
              <value>
                <![CDATA[B_C1]]>
              </value>
            </param>
          </params>
          <reporter-output>
          </reporter-output>
        </test-method> <!-- createDispatchPlanBangalore -->
        <test-method status="PASS" signature="createDispatchPlanBangalore(java.lang.String, java.lang.String, java.lang.String, java.lang.String)[pri:0, instance:in.licious.dataplanning_API.DispatchPlan@64bf3bbf]" name="createDispatchPlanBangalore" duration-ms="5685" started-at="2018-12-03T11:31:27Z" data-provider="getData" finished-at="2018-12-03T11:31:33Z">
          <params>
            <param index="0">
              <value>
                <![CDATA[6]]>
              </value>
            </param>
            <param index="1">
              <value>
                <![CDATA[8]]>
              </value>
            </param>
            <param index="2">
              <value>
                <![CDATA[46]]>
              </value>
            </param>
            <param index="3">
              <value>
                <![CDATA[B_C3]]>
              </value>
            </param>
          </params>
          <reporter-output>
          </reporter-output>
        </test-method> <!-- createDispatchPlanBangalore -->
      </class> <!-- in.licious.dataplanning_API.DispatchPlan -->
    </test> <!-- Default test -->
  </suite> <!-- Default suite -->
</testng-results>
